                 U _Unwind_DeleteException
                 U _Unwind_GetDataRelBase
                 U _Unwind_GetIPInfo
                 U _Unwind_GetLanguageSpecificData
                 U _Unwind_GetRegionStart
                 U _Unwind_GetTextRelBase
                 U _Unwind_RaiseException
                 U _Unwind_Resume
                 U _Unwind_SetGR
                 U _Unwind_SetIP
                 U nn::fs::CreateFile(char const*, long)
                 U nn::fs::GetFileSize(long*, nn::fs::FileHandle)
                 U nn::fs::OpenDirectory(nn::fs::DirectoryHandle*, char const*, int)
                 U nn::fs::CloseDirectory(nn::fs::DirectoryHandle)
                 U nn::fs::CreateDirectory(char const*)
                 U nn::fs::MountSdCardForDebug(char const*)
                 U nn::fs::GetDirectoryEntryCount(long*, nn::fs::DirectoryHandle)
                 U nn::fs::OpenFile(nn::fs::FileHandle*, char const*, int)
                 U nn::fs::ReadFile(nn::fs::FileHandle, long, void*, unsigned long)
                 U nn::fs::CloseFile(nn::fs::FileHandle)
                 U nn::fs::WriteFile(nn::fs::FileHandle, long, void const*, unsigned long, nn::fs::WriteOption const&)
                 U nn::oe::SetPerformanceConfiguration(nn::oe::PerformanceMode, int)
                 U nn::os::UnlockMutex(nn::os::MutexType*)
                 U nn::os::InitializeMutex(nn::os::MutexType*, bool, int)
                 U nn::os::LockMutex(nn::os::MutexType*)
                 U nn::sf::hipc::SendSyncRequest(nn::svc::Handle, void*, unsigned long)
                 U nn::sf::hipc::ConnectToHipcService(nn::svc::Handle*, char const*)
                 U nn::sf::hipc::GetMessageBufferOnTls()
                 U nn::sf::hipc::CloseClientSessionHandle(nn::svc::Handle)
                 U nn::sf::hipc::FinalizeHipcServiceResolution()
                 U nn::sf::hipc::InitializeHipcServiceResolution()
                 w nn::hid::GetNpadState(nn::hid::NpadFullKeyState*, unsigned int const&)
                 w nn::hid::GetNpadState(nn::hid::NpadJoyDualState*, unsigned int const&)
                 w nn::hid::GetNpadState(nn::hid::NpadHandheldState*, unsigned int const&)
                 U __clear_cache
                 w __deregister_frame_info
                 w __register_frame_info
                 U abort
                 U atexit
                 U deadbeef
                 U free
                 U malloc
                 U memalign
                 U memchr
                 U memcmp
                 U memcpy
                 U memmove
                 U memset
                 U nninitStartup
                 U nnosLockMutex
                 U nnosUnlockMutex
                 U pthread_cond_broadcast
                 U pthread_cond_wait
                 U pthread_getspecific
                 U pthread_key_create
                 U pthread_key_delete
                 U pthread_mutex_lock
                 U pthread_mutex_unlock
                 U pthread_once
                 U pthread_setspecific
                 U strcmp
                 U strlen
                 U strncmp
                 U strtol
0000000000000000 t __code_start__
0000000000000000 t __module_start
0000000000000000 a __start__
0000000000000000 t __text_start__
0000000000000080 t startup
0000000000000094 t bssclr_start
00000000000000bc t bss_loop
00000000000000f0 t __do_global_dtors_aux
0000000000000140 t frame_dummy
0000000000000170 0000000000000024 t skyline_main()
00000000000001a0 0000000000000014 t skyline_init
00000000000001c0 00000000000000f4 t RenderingRes_hook(void*, unsigned int, unsigned int)
00000000000002c0 0000000000000044 t FPSlock_hook(void*, unsigned int)
0000000000000310 0000000000000018 t set_TextKerning_hook(void*, int)
0000000000000330 0000000000000050 t GetNpadState_Pro_hook(nn::hid::NpadFullKeyState*, unsigned int const&)
0000000000000380 0000000000000050 t GetNpadState_JoyCons_hook(nn::hid::NpadJoyDualState*, unsigned int const&)
00000000000003d0 0000000000000050 t GetNpadState_Handheld_hook(nn::hid::NpadHandheldState*, unsigned int const&)
0000000000000420 00000000000000c0 t void std::__cxx11::basic_string<char, std::char_traits<char>, std::allocator<char> >::_M_construct<char const*>(char const*, char const*, std::forward_iterator_tag) [clone .isra.0]
00000000000004e0 000000000000005c t get_TextWidth2_hook(void*, char const*, void*, void*, void*, float, float)
0000000000000540 000000000000002c t __tcf_0
0000000000000570 0000000000000500 t fs_openfile_hook(nn::fs::FileHandle*, char const*, int)
0000000000000a70 0000000000000014 t returnInstructionOffset(unsigned long)
0000000000000a90 00000000000000cc t strncat_hook(char*, char*)
0000000000000b60 0000000000000144 t vsnprintfWrapper_hook(char*, unsigned long, char const*, char const*, char const*, char const*, char const*, char const*, long double, long double, long double, long double, void*)
0000000000000cb0 00000000000001d8 t RenderTextFromAtlas_hook(char const*, int, void*, float*, void*, void*, float, float, float, float, float, float, float)
0000000000000e90 0000000000000808 t RenderHiddenMenu(void*)
00000000000016a0 000000000000024c t get_UITextcase(unsigned long)
00000000000018f0 0000000000000030 t RenderText_hook(void*)
0000000000001920 0000000000000030 t RenderText3_hook(void*)
0000000000001950 0000000000000030 t RenderText4_hook(void*)
0000000000001980 00000000000005c0 t RenderText2_hook(void*, int, int, char const*, void*, void*, void*, void*, float, float, float, float, double, float, void*, float*, void*, void*, void*, void*, float*, float*, float*, void*)
0000000000001f40 0000000000000278 t CS2_main()
00000000000021c0 0000000000000118 t __gnu_cxx::__normal_iterator<char*, std::__cxx11::basic_string<char, std::char_traits<char>, std::allocator<char> > > std::__remove_if<__gnu_cxx::__normal_iterator<char*, std::__cxx11::basic_string<char, std::char_traits<char>, std::allocator<char> > >, __gnu_cxx::__ops::_Iter_equals_val<char const> >(__gnu_cxx::__normal_iterator<char*, std::__cxx11::basic_string<char, std::char_traits<char>, std::allocator<char> > >, __gnu_cxx::__normal_iterator<char*, std::__cxx11::basic_string<char, std::char_traits<char>, std::allocator<char> > >, __gnu_cxx::__ops::_Iter_equals_val<char const>)
00000000000022e0 0000000000000194 t get_TextWidth_hook(void*, char const*, void*, void*, void*, float, float)
0000000000002480 000000000000090c t set_UIText_hook(void*, int, int, char const*, int, int, int, int, float, float, float, float)
0000000000002d90 000000000000002c t _GLOBAL__sub_I_main_patch.cpp
0000000000002dc0 0000000000000020 t _GLOBAL__sub_D_main_patch.cpp
0000000000002de0 0000000000000224 t skyline::inlinehook::locateMappableSpaceModern(unsigned long*, unsigned long)
0000000000003010 000000000000000c t skyline::inlinehook::ControlledPages::ControlledPages(void*, unsigned long)
0000000000003010 000000000000000c t skyline::inlinehook::ControlledPages::ControlledPages(void*, unsigned long)
0000000000003020 0000000000000100 t skyline::inlinehook::ControlledPages::claim()
0000000000003120 00000000000000a8 t skyline::inlinehook::ControlledPages::unclaim()
00000000000031d0 0000000000000940 t __fix_instructions(unsigned int*, unsigned int*, int, unsigned int*, unsigned int*)
0000000000003b10 00000000000000fc t A64HookInit()
0000000000003c10 00000000000001b8 t A64HookFunctionV(void*, void*, void*, void*, unsigned long)
0000000000003dd0 0000000000000130 T A64HookFunction
0000000000003f00 00000000000000d8 T A64InlineHook
0000000000003fe0 0000000000000074 T sky_memcpy
0000000000004060 0000000000000068 t skyline::utils::init()
00000000000040d0 000000000000007c T getRegionAddress
0000000000004150 0000000000000034 t _GLOBAL__sub_I_cpputils.cpp
0000000000004190 000000000000000c t _GLOBAL__sub_D_cpputils.cpp
00000000000041a0 00000000000000fc t skyline::utils::nnServiceCreate(Service*, char const*)
00000000000042a0 000000000000008c t skyline::utils::nnServiceClose(Service*)
0000000000004330 000000000000017c t skyline::utils::Ipc::getOwnProcessHandle(unsigned int*)
00000000000044b0 000000000000006c T __custom_init
0000000000004520 0000000000000044 T __custom_fini
0000000000004570 000000000000001c t memGetMap
0000000000004590 0000000000000020 t memGetMapAddr
00000000000045b0 00000000000000f0 t memNextMap
00000000000045b0 00000000000000f0 t memNextMap.localalias
00000000000046a0 0000000000000174 t memNextMapOfType
00000000000046a0 0000000000000174 t memNextMapOfType.localalias
0000000000004820 0000000000000028 T get_program_id
0000000000004850 0000000000000008 t envIsSyscallHinted
0000000000004860 000000000000000c t envGetOwnProcessHandle
0000000000004870 000000000000000c t envSetOwnProcessHandle
0000000000004880 0000000000000190 t detectKernelVersion
0000000000004a10 00000000000000e4 t detectJitKernelPatch
0000000000004b00 0000000000000200 t jitCreate
0000000000004d00 000000000000004c t jitTransitionToWritable
0000000000004d50 000000000000009c t jitTransitionToExecutable
0000000000004df0 0000000000000004 t mutexLock
0000000000004e00 0000000000000004 t mutexUnlock
0000000000004e10 0000000000000064 t _GetRegionFromInfo
0000000000004e80 0000000000000148 t virtmemSetup
0000000000004fd0 0000000000000104 t virtmemReserve
00000000000050e0 0000000000000004 t virtmemFree
00000000000050e4 t inlineHandlerImpl
0000000000005180 t inlineHandler
0000000000005180 t inlineHandlerStart
000000000000518c t armDCacheFlush
000000000000518c t inlineHandlerEnd
00000000000051b0 t armDCacheFlush_L0
00000000000051c8 t armICacheInvalidate
00000000000051e8 t armICacheInvalidate_L0
0000000000005200 t svcUnmapMemory
0000000000005208 t svcQueryMemory
000000000000521c t svcCloseHandle
0000000000005224 t svcGetProcessId
0000000000005238 t svcGetInfo
000000000000524c t svcCreateCodeMemory
0000000000005260 t svcControlCodeMemory
0000000000005268 t svcSetProcessMemoryPermission
0000000000005270 t svcMapProcessMemory
0000000000005278 t svcUnmapProcessMemory
0000000000005280 t svcMapProcessCodeMemory
0000000000005288 t svcUnmapProcessCodeMemory
0000000000005290 0000000000000004 t operator delete(void*, unsigned long)
00000000000052a0 000000000000000c t __gnu_cxx::__concurrence_lock_error::what() const
00000000000052b0 000000000000000c t __gnu_cxx::__concurrence_unlock_error::what() const
00000000000052c0 000000000000000c t __gnu_cxx::__concurrence_broadcast_error::what() const
00000000000052d0 000000000000000c t __gnu_cxx::__concurrence_wait_error::what() const
00000000000052e0 0000000000000020 t (anonymous namespace)::init()
0000000000005300 0000000000000020 t (anonymous namespace)::init_static_cond()
0000000000005320 0000000000000014 t __gnu_cxx::__concurrence_lock_error::~__concurrence_lock_error()
0000000000005320 0000000000000014 t __gnu_cxx::__concurrence_lock_error::~__concurrence_lock_error()
0000000000005340 0000000000000014 t __gnu_cxx::__concurrence_wait_error::~__concurrence_wait_error()
0000000000005340 0000000000000014 t __gnu_cxx::__concurrence_wait_error::~__concurrence_wait_error()
0000000000005360 0000000000000014 t __gnu_cxx::__concurrence_unlock_error::~__concurrence_unlock_error()
0000000000005360 0000000000000014 t __gnu_cxx::__concurrence_unlock_error::~__concurrence_unlock_error()
0000000000005380 0000000000000014 t __gnu_cxx::__concurrence_broadcast_error::~__concurrence_broadcast_error()
0000000000005380 0000000000000014 t __gnu_cxx::__concurrence_broadcast_error::~__concurrence_broadcast_error()
00000000000053a0 0000000000000038 t __gnu_cxx::__concurrence_lock_error::~__concurrence_lock_error()
00000000000053e0 0000000000000038 t __gnu_cxx::__concurrence_wait_error::~__concurrence_wait_error()
0000000000005420 0000000000000038 t __gnu_cxx::__concurrence_unlock_error::~__concurrence_unlock_error()
0000000000005460 0000000000000038 t __gnu_cxx::__concurrence_broadcast_error::~__concurrence_broadcast_error()
0000000000005498 0000000000000034 t __gnu_cxx::__throw_concurrence_lock_error()
00000000000054cc 0000000000000034 t __gnu_cxx::__throw_concurrence_unlock_error()
0000000000005500 0000000000000034 t __gnu_cxx::__throw_concurrence_broadcast_error()
0000000000005540 000000000000014c t __cxa_guard_acquire
0000000000005690 0000000000000088 t __cxa_guard_release
0000000000005720 0000000000000068 t operator new(unsigned long)
0000000000005790 0000000000000014 t __cxxabiv1::__si_class_type_info::~__si_class_type_info()
0000000000005790 0000000000000014 t __cxxabiv1::__si_class_type_info::~__si_class_type_info()
00000000000057b0 0000000000000028 t __cxxabiv1::__si_class_type_info::~__si_class_type_info()
00000000000057e0 000000000000013c t __cxxabiv1::__si_class_type_info::__do_dyncast(long, __cxxabiv1::__class_type_info::__sub_kind, __cxxabiv1::__class_type_info const*, void const*, __cxxabiv1::__class_type_info const*, void const*, __cxxabiv1::__class_type_info::__dyncast_result&) const
0000000000005920 0000000000000080 t __cxxabiv1::__si_class_type_info::__do_find_public_src(long, void const*, __cxxabiv1::__class_type_info const*, void const*) const
00000000000059a0 0000000000000068 t __cxxabiv1::__si_class_type_info::__do_upcast(__cxxabiv1::__class_type_info const*, void const*, __cxxabiv1::__class_type_info::__upcast_result&) const
0000000000005a10 0000000000000004 t std::type_info::~type_info()
0000000000005a10 0000000000000004 t std::type_info::~type_info()
0000000000005a20 0000000000000008 t std::type_info::__is_pointer_p() const
0000000000005a20 0000000000000008 t std::type_info::__is_function_p() const
0000000000005a28 0000000000000034 t std::__throw_bad_alloc()
0000000000005a5c 0000000000000054 t std::__throw_logic_error(char const*)
0000000000005ab0 0000000000000054 t std::__throw_length_error(char const*)
0000000000005b10 00000000000000d0 t std::__throw_out_of_range_fmt(char const*, ...)
0000000000005be0 0000000000000088 t __gnu_cxx::__throw_insufficient_space(char const*, char const*)
0000000000005c70 0000000000000090 t __gnu_cxx::__concat_size_t(char*, unsigned long, unsigned long)
0000000000005d00 00000000000001b4 t __gnu_cxx::__snprintf_lite(char*, unsigned long, char const*, std::__va_list)
0000000000005ec0 000000000000005c t std::__cxx11::basic_string<char, std::char_traits<char>, std::allocator<char> >::_M_create(unsigned long&, unsigned long)
0000000000005f20 0000000000000018 t std::__cxx11::basic_string<char, std::char_traits<char>, std::allocator<char> >::_M_dispose()
0000000000005f40 0000000000000124 t std::__cxx11::basic_string<char, std::char_traits<char>, std::allocator<char> >::_M_mutate(unsigned long, unsigned long, char const*, unsigned long)
0000000000006070 000000000000008c t std::__cxx11::basic_string<char, std::char_traits<char>, std::allocator<char> >::_M_erase(unsigned long, unsigned long)
0000000000006100 00000000000002fc t std::__cxx11::basic_string<char, std::char_traits<char>, std::allocator<char> >::_M_replace(unsigned long, unsigned long, char const*, unsigned long)
0000000000006400 00000000000000c0 t std::__cxx11::basic_string<char, std::char_traits<char>, std::allocator<char> >::_M_append(char const*, unsigned long)
00000000000064c0 0000000000000104 t std::__cxx11::basic_string<char, std::char_traits<char>, std::allocator<char> >::find(char const*, unsigned long, unsigned long) const
00000000000065d0 0000000000000074 t std::__cxx11::basic_string<char, std::char_traits<char>, std::allocator<char> >::compare(char const*) const
0000000000006650 000000000000000c t std::bad_alloc::what() const
0000000000006660 0000000000000014 t std::bad_alloc::~bad_alloc()
0000000000006660 0000000000000014 t std::bad_alloc::~bad_alloc()
0000000000006680 0000000000000028 t std::bad_alloc::~bad_alloc()
00000000000066b0 000000000000006c t __cxxabiv1::__class_type_info::__do_upcast(__cxxabiv1::__class_type_info const*, void**) const
0000000000006720 0000000000000010 t __cxxabiv1::__class_type_info::__do_find_public_src(long, void const*, __cxxabiv1::__class_type_info const*, void const*) const
0000000000006730 0000000000000014 t __cxxabiv1::__class_type_info::~__class_type_info()
0000000000006730 0000000000000014 t __cxxabiv1::__class_type_info::~__class_type_info()
0000000000006750 0000000000000028 t __cxxabiv1::__class_type_info::~__class_type_info()
0000000000006780 000000000000006c t __cxxabiv1::__class_type_info::__do_upcast(__cxxabiv1::__class_type_info const*, void const*, __cxxabiv1::__class_type_info::__upcast_result&) const
00000000000067f0 00000000000000ac t __cxxabiv1::__class_type_info::__do_catch(std::type_info const*, void**, unsigned int) const
00000000000068a0 00000000000000dc t __cxxabiv1::__class_type_info::__do_dyncast(long, __cxxabiv1::__class_type_info::__sub_kind, __cxxabiv1::__class_type_info const*, void const*, __cxxabiv1::__class_type_info const*, void const*, __cxxabiv1::__class_type_info::__dyncast_result&) const
0000000000006980 0000000000000004 t operator delete(void*)
0000000000006990 000000000000011c t (anonymous namespace)::pool::free(void*) [clone .constprop.0]
0000000000006ab0 00000000000000c0 t (anonymous namespace)::pool::allocate(unsigned long) [clone .constprop.0]
0000000000006b70 0000000000000058 t __cxa_allocate_exception
0000000000006bd0 0000000000000040 t __cxa_free_exception
0000000000006c10 0000000000000054 t _GLOBAL__sub_I_eh_alloc.cc
0000000000006c70 000000000000009c t __cxa_begin_catch
0000000000006d10 0000000000000004 t std::exception::~exception()
0000000000006d10 0000000000000004 t std::exception::~exception()
0000000000006d20 0000000000000044 t eh_globals_dtor(void*)
0000000000006d70 0000000000000074 t __cxa_get_globals
0000000000006df0 0000000000000040 t _GLOBAL__sub_I_eh_globals.cc
0000000000006e30 000000000000002c t _GLOBAL__sub_D_eh_globals.cc
0000000000006e60 0000000000000084 t get_adjusted_ptr(std::type_info const*, std::type_info const*, void**)
0000000000006ef0 0000000000000160 t read_encoded_value_with_base(unsigned char, unsigned long, unsigned char const*, unsigned long*)
0000000000007050 0000000000000064 t base_of_encoded_value(unsigned char, _Unwind_Context*)
00000000000070c0 0000000000000100 t check_exception_spec(lsda_header_info*, std::type_info const*, void*, long)
00000000000071c0 00000000000000e8 t parse_lsda_header(_Unwind_Context*, unsigned char const*, lsda_header_info*)
00000000000072b0 0000000000000560 t __gxx_personality_v0
0000000000007810 0000000000000018 t __cxxabiv1::__terminate(void (*)())
0000000000007830 0000000000000010 t std::get_terminate()
0000000000007840 0000000000000010 t std::terminate()
0000000000007850 0000000000000010 t __cxxabiv1::__unexpected(void (*)())
0000000000007860 0000000000000010 t std::get_unexpected()
0000000000007870 0000000000000010 t std::unexpected()
0000000000007880 0000000000000064 t __gxx_exception_cleanup(_Unwind_Reason_Code, _Unwind_Exception*)
00000000000078f0 0000000000000058 t __cxa_init_primary_exception
0000000000007950 0000000000000060 t __cxa_throw
00000000000079b0 0000000000000010 t std::get_new_handler()
00000000000079c0 0000000000000008 t std::logic_error::what() const
00000000000079c0 0000000000000008 t std::runtime_error::what() const
00000000000079d0 0000000000000070 t std::logic_error::~logic_error()
00000000000079d0 0000000000000070 t std::logic_error::~logic_error()
0000000000007a40 0000000000000024 t std::logic_error::~logic_error()
0000000000007a70 0000000000000014 t std::length_error::~length_error()
0000000000007a70 0000000000000014 t std::length_error::~length_error()
0000000000007a90 0000000000000024 t std::length_error::~length_error()
0000000000007ac0 0000000000000014 t std::out_of_range::~out_of_range()
0000000000007ac0 0000000000000014 t std::out_of_range::~out_of_range()
0000000000007ae0 0000000000000024 t std::out_of_range::~out_of_range()
0000000000007b10 00000000000000f0 t std::logic_error::logic_error(char const*)
0000000000007b10 00000000000000f0 t std::logic_error::logic_error(char const*)
0000000000007c00 0000000000000030 t std::length_error::length_error(char const*)
0000000000007c00 0000000000000030 t std::length_error::length_error(char const*)
0000000000007c30 0000000000000030 t std::out_of_range::out_of_range(char const*)
0000000000007c30 0000000000000030 t std::out_of_range::out_of_range(char const*)
0000000000007c60 00000000000000a8 t std::string::_Rep::_S_create(unsigned long, unsigned long, std::allocator<char> const&)
0000000000007d10 0000000000000004 t std::string::_Rep::_M_destroy(std::allocator<char> const&)
0000000000007d20 0000000000000044 t __cxa_call_terminate
0000000000007d64 t __text_end__
0000000000008194 t __code_end__
00000000000093f8 0000000000000005 r magic
0000000000009430 r __nx_mod0
00000000000094f8 0000000000000027 r typeinfo name for __gnu_cxx::__concurrence_lock_error
0000000000009520 0000000000000029 r typeinfo name for __gnu_cxx::__concurrence_unlock_error
0000000000009550 000000000000002c r typeinfo name for __gnu_cxx::__concurrence_broadcast_error
0000000000009580 0000000000000027 r typeinfo name for __gnu_cxx::__concurrence_wait_error
00000000000095a8 0000000000000025 r typeinfo name for __cxxabiv1::__si_class_type_info
00000000000095d0 000000000000000d r typeinfo name for std::type_info
00000000000096a8 000000000000000d r typeinfo name for std::bad_alloc
00000000000096b8 0000000000000022 r typeinfo name for __cxxabiv1::__class_type_info
00000000000096e0 000000000000000d r typeinfo name for std::exception
00000000000096f0 0000000000000020 r typeinfo name for __cxxabiv1::__forced_unwind
0000000000009710 0000000000000024 r typeinfo name for __cxxabiv1::__foreign_exception
0000000000009738 0000000000000010 r typeinfo name for std::logic_error
0000000000009748 0000000000000011 r typeinfo name for std::length_error
0000000000009760 0000000000000011 r typeinfo name for std::out_of_range
000000000000a80a r __rel_dyn_end__
000000000000a80a r __rel_dyn_start__
000000000000a80a r __rela_dyn_start__
000000000000bb48 r __rel_plt_end__
000000000000bb48 r __rel_plt_start__
000000000000bb48 r __rela_dyn_end__
000000000000bb48 r __rela_plt_start__
000000000000c160 r __rela_plt_end__
000000000000c213 r __eh_frame_hdr_end__
000000000000c213 r __eh_frame_hdr_start__
000000000000c218 r __EH_FRAME_BEGIN__
000000000000d5bc r __FRAME_END__
000000000000e000 0000000000000001 d options_count
000000000000e008 0000000000000010 d Settings
000000000000e018 0000000000000004 d PerformanceConfig_GPU460mhz
000000000000e01c 0000000000000004 d PerformanceConfig_GPU307mhz
000000000000e020 0000000000000004 d FastAllocateTrampoline(unsigned int**, unsigned int**)::__index
000000000000e024 0000000000000004 d g_processHandle
000000000000e028 0000000000000018 d typeinfo for __gnu_cxx::__concurrence_lock_error
000000000000e040 0000000000000018 d typeinfo for __gnu_cxx::__concurrence_unlock_error
000000000000e058 0000000000000018 d typeinfo for __gnu_cxx::__concurrence_broadcast_error
000000000000e070 0000000000000018 d typeinfo for __gnu_cxx::__concurrence_wait_error
000000000000e088 0000000000000028 d vtable for __gnu_cxx::__concurrence_lock_error
000000000000e0b0 0000000000000028 d vtable for __gnu_cxx::__concurrence_unlock_error
000000000000e0d8 0000000000000028 d vtable for __gnu_cxx::__concurrence_broadcast_error
000000000000e100 0000000000000028 d vtable for __gnu_cxx::__concurrence_wait_error
000000000000e128 0000000000000008 d DW.ref.__gxx_personality_v0
000000000000e130 0000000000000018 d typeinfo for __cxxabiv1::__si_class_type_info
000000000000e148 0000000000000058 d vtable for __cxxabiv1::__si_class_type_info
000000000000e1a0 0000000000000010 d typeinfo for std::type_info
000000000000e1b0 0000000000000018 d typeinfo for std::bad_alloc
000000000000e1c8 0000000000000028 d vtable for std::bad_alloc
000000000000e1f0 0000000000000018 d typeinfo for __cxxabiv1::__class_type_info
000000000000e208 0000000000000058 d vtable for __cxxabiv1::__class_type_info
000000000000e260 0000000000000010 d typeinfo for std::exception
000000000000e270 0000000000000010 d typeinfo for __cxxabiv1::__forced_unwind
000000000000e280 0000000000000010 d typeinfo for __cxxabiv1::__foreign_exception
000000000000e290 0000000000000008 d __cxxabiv1::__unexpected_handler
000000000000e298 0000000000000018 d typeinfo for std::logic_error
000000000000e2b0 0000000000000018 d typeinfo for std::length_error
000000000000e2c8 0000000000000018 d typeinfo for std::out_of_range
000000000000e2e0 0000000000000028 d vtable for std::logic_error
000000000000e308 0000000000000028 d vtable for std::length_error
000000000000e330 0000000000000028 d vtable for std::out_of_range
000000000000e358 0000000000000008 d __cxxabiv1::__terminate_handler
000000000000e360 d __got_start__
000000000000e580 a _GLOBAL_OFFSET_TABLE_
000000000000e8c0 a _DYNAMIC
000000000000e8c0 d __dynamic_start__
000000000000e8c0 d __got_end__
000000000000ea40 t __frame_dummy_init_array_entry
000000000000ea40 t __init_array_start__
000000000000ea40 t __preinit_array_end__
000000000000ea40 t __preinit_array_start__
000000000000ea68 t __do_global_dtors_aux_fini_array_entry
000000000000ea68 t __fini_array_start__
000000000000ea68 t __init_array_end__
000000000000ea88 t __fini_array_end__
000000000000ea88 a __tbss_align_abs__
000000000000ea88 t __tbss_end__
000000000000ea88 t __tbss_start__
000000000000ea88 a __tdata_align_abs__
000000000000ea88 t __tdata_end__
000000000000ea88 t __tdata_start__
000000000000f000 b __bss_start__
000000000000f000 b completed.1
000000000000f008 b object.0
000000000000f038 00000000000000d0 b __nx_module_runtime
000000000000f108 0000000000000008 b FPSlock_hook(void*, unsigned int)::unk_holder
000000000000f110 0000000000000020 b RenderHiddenMenu(void*)::block
000000000000f130 0000000000000001 b fs_openfile_hook(nn::fs::FileHandle*, char const*, int)::initialized
000000000000f131 0000000000000001 b RenderTextFromAtlas_hook(char const*, int, void*, float*, void*, void*, float, float, float, float, float, float, float)::cut_decimal
000000000000f134 0000000000000004 b RenderTextFromAtlas_hook(char const*, int, void*, float*, void*, void*, float, float, float, float, float, float, float)::Last_X
000000000000f138 0000000000000008 b guard variable for RenderHiddenMenu(void*)::block
000000000000f140 0000000000000001 b RenderHiddenMenu(void*)::DDOWN_buttonHeld
000000000000f141 0000000000000001 b RenderHiddenMenu(void*)::DUP_buttonHeld
000000000000f142 0000000000000001 b RenderHiddenMenu(void*)::A_buttonHeld
000000000000f148 0000000000000008 b GetArgv_original
000000000000f150 0000000000000008 b GetArgc_original
000000000000f158 0000000000000008 b GetNpadState_Handheld_original
000000000000f160 0000000000000008 b GetNpadState_JoyCons_original
000000000000f168 0000000000000008 b GetNpadState_Pro_original
000000000000f170 0000000000000008 b fs_openfile_original
000000000000f178 0000000000000008 b RenderTextFromAtlas_original
000000000000f180 0000000000000008 b RenderText4_original
000000000000f188 0000000000000008 b RenderText3_original
000000000000f190 0000000000000008 b RenderText2_original
000000000000f198 0000000000000020 b render_temp[abi:cxx11]
000000000000f1b8 0000000000000008 b RenderText_original
000000000000f1c0 0000000000000008 b vsnprintfWrapper_original
000000000000f1c8 0000000000000008 b strncat_original
000000000000f1d0 0000000000000008 b get_TextWidth_original
000000000000f1d8 0000000000000008 b get_TextWidth2_original
000000000000f1e0 0000000000000008 b set_TextKerning_original
000000000000f1e8 0000000000000008 b FPSlock_original
000000000000f1f0 0000000000000008 b RenderingRes_original
000000000000f1f8 0000000000000001 b indicator
000000000000f200 0000000000000008 b set_UIText_original
000000000000f208 0000000000000028 b out3
000000000000f230 0000000000000028 b out2
000000000000f258 0000000000000028 b out
000000000000f280 0000000000000001 b BlockButtons
000000000000f281 0000000000000001 b enSelected
000000000000f282 0000000000000001 b EngCheck
000000000000f288 0000000000000008 b NSO_main_start
000000000000f290 0000000000000004 b UITextcase
000000000000f294 0000000000000004 b CPEP_width
000000000000f298 0000000000000028 b temp
000000000000f2c0 000000000000001c b hookMutex
000000000000f2e0 0000000000000030 b __insns_jit
000000000000f310 0000000000000030 b __inline_hook_jit
000000000000f340 0000000000000008 b inline_hook_curridx
000000000000f348 0000000000000100 b skyline::utils::g_CachedFwVer
000000000000f448 0000000000000008 b skyline::utils::g_MainHeapAddr
000000000000f450 0000000000000008 b skyline::utils::g_MainBssAddr
000000000000f458 0000000000000008 b skyline::utils::g_MainDataAddr
000000000000f460 0000000000000008 b skyline::utils::g_MainRodataAddr
000000000000f468 0000000000000008 b skyline::utils::g_MainTextAddr
000000000000f470 0000000000000020 b skyline::utils::g_RomMountStr[abi:cxx11]
000000000000f490 0000000000000008 b __stack_top
000000000000f498 0000000000000001 b g_VersionCached
000000000000f4a0 000000000000001c b g_VersionMutex
000000000000f4bc 0000000000000004 b g_Version
000000000000f4c0 0000000000000001 b g_JitKernelPatchCached
000000000000f4c8 000000000000001c b g_JitKernelPatchMutex
000000000000f4e4 0000000000000001 b g_JitKernelPatchDetected
000000000000f4e8 0000000000000010 b g_AddressSpace
000000000000f4f8 0000000000000030 b g_Region
000000000000f528 000000000000001c b g_VirtMemMutex
000000000000f548 0000000000000008 b g_CurrentAddr
000000000000f550 0000000000000008 b g_CurrentMapAddr
000000000000f558 0000000000000010 b (anonymous namespace)::fake_mutex
000000000000f568 0000000000000010 b (anonymous namespace)::fake_cond
000000000000f578 0000000000000008 b (anonymous namespace)::static_cond
000000000000f580 0000000000000008 b (anonymous namespace)::static_mutex
000000000000f588 0000000000000004 b (anonymous namespace)::get_static_cond()::once
000000000000f590 0000000000000004 b (anonymous namespace)::get_static_mutex()::once
000000000000f598 0000000000000028 b (anonymous namespace)::emergency_pool
000000000000f5c0 0000000000000010 b eh_globals
000000000000f5d0 0000000000000008 b init
000000000000f5d8 0000000000000008 b (anonymous namespace)::__new_handler
000000000000f5e0 0000000000000020 b std::string::_Rep::_S_empty_rep_storage
000000000000f600 b __bss_end__
0000000000010000 b __argdata__
0000000000010000 a __end__
